<?xml version="1.0" encoding="UTF-8"?>
<!-- Generated by org.testng.reporters.JUnitReportReporter -->
<testsuite skipped="0" hostname="del1-lhp-n65238" name="TESTNG_TESTS.Test1" tests="3" failures="0" timestamp="19 Aug 2019 07:55:13 GMT" time="0.181" errors="0">
  <testcase name="test1" time="0.099" classname="TESTNG_TESTS.Test1"/>
  <testcase name="test2" time="0.037" classname="TESTNG_TESTS.Test1"/>
  <testcase name="test3" time="0.045" classname="TESTNG_TESTS.Test1"/>
</testsuite> <!-- TESTNG_TESTS.Test1 -->
