<?xml version="1.0" encoding="UTF-8"?>
<!-- Generated by org.testng.reporters.JUnitReportReporter -->
<testsuite skipped="0" hostname="del1-lhp-n65238" name="TESTNG_TESTS.Test2" tests="3" failures="0" timestamp="19 Aug 2019 07:55:13 GMT" time="4.843" errors="0">
  <testcase name="test4" time="0.484" classname="TESTNG_TESTS.Test2"/>
  <testcase name="test5" time="2.203" classname="TESTNG_TESTS.Test2"/>
  <testcase name="test5" time="2.156" classname="TESTNG_TESTS.Test2"/>
</testsuite> <!-- TESTNG_TESTS.Test2 -->
